Ação: # Teste 43
Ação: #
Ação: # v[1] := x^5+x^4+x^3+x^2+x+1
Ação: C 1
Ação: T 1  0  1.0
Ação: T 1  1  1.0
Ação: T 1  2  1.0
Ação: T 1  3  1.0
Ação: T 1  4  1.0
Ação: T 1  5  1.0
Ação: I 1
----> ( 0,  1.0) ( 1,  1.0) ( 2,  1.0) ( 3,  1.0) ( 4,  1.0) ( 5,  1.0) 
Ação: # v[2] := v[1]^2
Ação: M 2 1 1
Ação: I 2
----> ( 0,  1.0) ( 1,  2.0) ( 2,  3.0) ( 3,  4.0) ( 4,  5.0) ( 5,  6.0) ( 6,  5.0) ( 7,  4.0) ( 8,  3.0) ( 9,  2.0) (10,  1.0) 
Ação: # v[3] := v[1]^3
Ação: M 3 2 1
Ação: I 3
----> ( 0,  1.0) ( 1,  3.0) ( 2,  6.0) ( 3, 10.0) ( 4, 15.0) ( 5, 21.0) ( 6, 25.0) ( 7, 27.0) ( 8, 27.0) ( 9, 25.0) (10, 21.0) (11, 15.0) (12, 10.0) (13,  6.0) (14,  3.0) (15,  1.0) 
Ação: # Fim
Ação: L 1
Ação: L 2
Ação: L 3
Ação: X
Processamento terminado
